<?xml version="1.0" encoding="UTF-8"?>
<testsuites tests="35" failures="9" disabled="0" errors="0" time="6.766" timestamp="2023-12-20T10:35:31.314" name="AllTests">
  <testsuite name="SessionServerStateChangeTest" tests="2" failures="0" disabled="0" skipped="0" errors="0" time="0.206" timestamp="2023-12-20T10:37:06.615">
    <testcase name="ShouldChangeFromInactiveToActive" file="/home/lukewill95/Documents/rialto/tests/componenttests/server/tests/sessionServer/SessionServerStateChangeTest.cpp" line="117" status="run" result="completed" time="0.103" timestamp="2023-12-20T10:37:06.615" classname="SessionServerStateChangeTest" />
    <testcase name="ShouldChangeFromActiveToInactive" file="/home/lukewill95/Documents/rialto/tests/componenttests/server/tests/sessionServer/SessionServerStateChangeTest.cpp" line="166" status="run" result="completed" time="0.103" timestamp="2023-12-20T10:37:06.719" classname="SessionServerStateChangeTest" />
  </testsuite>
  <testsuite name="SessionServerHealthCheckTest" tests="1" failures="0" disabled="0" skipped="0" errors="0" time="0.103" timestamp="2023-12-20T10:37:06.822">
    <testcase name="ShouldAcknowledgePing" file="/home/lukewill95/Documents/rialto/tests/componenttests/server/tests/sessionServer/SessionServerHealthCheckTest.cpp" line="87" status="run" result="completed" time="0.103" timestamp="2023-12-20T10:37:06.822" classname="SessionServerHealthCheckTest" />
  </testsuite>
  <testsuite name="SessionServerLogLevelTest" tests="1" failures="0" disabled="0" skipped="0" errors="0" time="0.103" timestamp="2023-12-20T10:37:06.925">
    <testcase name="ShouldSetLogLevels" file="/home/lukewill95/Documents/rialto/tests/componenttests/server/tests/sessionServer/SessionServerLogLevelTest.cpp" line="100" status="run" result="completed" time="0.102" timestamp="2023-12-20T10:37:06.925" classname="SessionServerLogLevelTest" />
  </testsuite>
  <testsuite name="MediaPipelineTest" tests="7" failures="2" disabled="0" skipped="0" errors="0" time="1.23" timestamp="2023-12-20T10:37:07.028">
    <testcase name="AudioOnlyPlayback" file="/home/lukewill95/Documents/rialto/tests/componenttests/server/tests/mediaPipeline/AudioOnlyPlaybackTest.cpp" line="131" status="run" result="completed" time="0.121" timestamp="2023-12-20T10:37:07.028" classname="MediaPipelineTest" />
    <testcase name="shouldCreatePipeline" file="/home/lukewill95/Documents/rialto/tests/componenttests/server/tests/mediaPipeline/CreatePipelineTest.cpp" line="61" status="run" result="completed" time="0.106" timestamp="2023-12-20T10:37:07.150" classname="MediaPipelineTest" />
    <testcase name="shouldFailToLoadWhenSessionIdIsWrong" file="/home/lukewill95/Documents/rialto/tests/componenttests/server/tests/mediaPipeline/FailureTests.cpp" line="69" status="run" result="completed" time="0.106" timestamp="2023-12-20T10:37:07.256" classname="MediaPipelineTest" />
    <testcase name="playback" file="/home/lukewill95/Documents/rialto/tests/componenttests/server/tests/mediaPipeline/PlaybackTest.cpp" line="151" status="run" result="completed" time="0.338" timestamp="2023-12-20T10:37:07.362" classname="MediaPipelineTest">
      <failure message="/home/lukewill95/Documents/rialto/tests/componenttests/server/fixtures/MediaPipelineTest.cpp:510&#x0A;Value of: receivedNeedData&#x0A;  Actual: false&#x0A;Expected: true" type=""><![CDATA[/home/lukewill95/Documents/rialto/tests/componenttests/server/fixtures/MediaPipelineTest.cpp:510
Value of: receivedNeedData
  Actual: false
Expected: true]]></failure>
    </testcase>
    <testcase name="shouldAttachAudioSourceOnly" file="/home/lukewill95/Documents/rialto/tests/componenttests/server/tests/mediaPipeline/SourceTest.cpp" line="83" status="run" result="completed" time="0.109" timestamp="2023-12-20T10:37:07.700" classname="MediaPipelineTest" />
    <testcase name="shouldAttachBothSources" file="/home/lukewill95/Documents/rialto/tests/componenttests/server/tests/mediaPipeline/SourceTest.cpp" line="177" status="run" result="completed" time="0.112" timestamp="2023-12-20T10:37:07.810" classname="MediaPipelineTest" />
    <testcase name="WriteSegments" file="/home/lukewill95/Documents/rialto/tests/componenttests/server/tests/mediaPipeline/WriteSegmentsTest.cpp" line="150" status="run" result="completed" time="0.336" timestamp="2023-12-20T10:37:07.922" classname="MediaPipelineTest">
      <failure message="/home/lukewill95/Documents/rialto/tests/componenttests/server/fixtures/MediaPipelineTest.cpp:510&#x0A;Value of: receivedNeedData&#x0A;  Actual: false&#x0A;Expected: true" type=""><![CDATA[/home/lukewill95/Documents/rialto/tests/componenttests/server/fixtures/MediaPipelineTest.cpp:510
Value of: receivedNeedData
  Actual: false
Expected: true]]></failure>
    </testcase>
  </testsuite>
  <testsuite name="AudioSourceSwitchTest" tests="1" failures="0" disabled="0" skipped="0" errors="0" time="0.114" timestamp="2023-12-20T10:37:08.259">
    <testcase name="SwitchAudioSource" file="/home/lukewill95/Documents/rialto/tests/componenttests/server/tests/mediaPipeline/AudioSourceSwitchTest.cpp" line="143" status="run" result="completed" time="0.114" timestamp="2023-12-20T10:37:08.259" classname="AudioSourceSwitchTest" />
  </testsuite>
  <testsuite name="DualVideoPlaybackTest" tests="1" failures="1" disabled="0" skipped="0" errors="0" time="0.344" timestamp="2023-12-20T10:37:08.374">
    <testcase name="playback" file="/home/lukewill95/Documents/rialto/tests/componenttests/server/tests/mediaPipeline/DualVideoPlaybackTest.cpp" line="568" status="run" result="completed" time="0.344" timestamp="2023-12-20T10:37:08.374" classname="DualVideoPlaybackTest">
      <failure message="/home/lukewill95/Documents/rialto/tests/componenttests/server/fixtures/MediaPipelineTest.cpp:510&#x0A;Value of: receivedNeedData&#x0A;  Actual: false&#x0A;Expected: true" type=""><![CDATA[/home/lukewill95/Documents/rialto/tests/componenttests/server/fixtures/MediaPipelineTest.cpp:510
Value of: receivedNeedData
  Actual: false
Expected: true]]></failure>
    </testcase>
  </testsuite>
  <testsuite name="EncryptedPlaybackTest" tests="1" failures="1" disabled="0" skipped="0" errors="0" time="0.343" timestamp="2023-12-20T10:37:08.718">
    <testcase name="EncryptedPlayback" file="/home/lukewill95/Documents/rialto/tests/componenttests/server/tests/mediaPipeline/EncryptedPlaybackTest.cpp" line="268" status="run" result="completed" time="0.343" timestamp="2023-12-20T10:37:08.718" classname="EncryptedPlaybackTest">
      <failure message="unknown file&#x0A;&#x0A;Unexpected mock function call - returning default value.&#x0A;    Function call: gstBufferFill(0x7fffffffd670, 0, 0x7fffd4005d30, 6)&#x0A;          Returns: 0&#x0A;Google Mock tried the following 12 expectations, but none matched:&#x0A;&#x0A;/home/lukewill95/Documents/rialto/tests/componenttests/server/fixtures/MediaPipelineTest.cpp:189: tried expectation #0: EXPECT_CALL(*m_gstWrapperMock, gstBufferFill(&amp;buffer, 0, BufferMatcher(dataCopy), segment-&gt;getDataLength()))...&#x0A;         Expected: the expectation is active&#x0A;           Actual: it is retired&#x0A;         Expected: to be called once&#x0A;           Actual: called once - saturated and retired&#x0A;/home/lukewill95/Documents/rialto/tests/componenttests/server/tests/mediaPipeline/EncryptedPlaybackTest.cpp:55: tried expectation #1: EXPECT_CALL(*m_gstWrapperMock, gstBufferFill(&amp;keyIdBuffer, 0, _, segment-&gt;getKeyId().size()))...&#x0A;         Expected: the expectation is active&#x0A;           Actual: it is retired&#x0A;         Expected: to be called once&#x0A;           Actual: called once - saturated and retired&#x0A;/home/lukewill95/Documents/rialto/tests/componenttests/server/tests/mediaPipeline/EncryptedPlaybackTest.cpp:61: tried expectation #2: EXPECT_CALL(*m_gstWrapperMock, gstBufferFill(&amp;initVectorBuffer, 0, _, segment-&gt;getInitVector().size()))...&#x0A;         Expected: the expectation is active&#x0A;           Actual: it is retired&#x0A;         Expected: to be called once&#x0A;           Actual: called once - saturated and retired&#x0A;/home/lukewill95/Documents/rialto/tests/componenttests/server/fixtures/MediaPipelineTest.cpp:210: tried expectation #3: EXPECT_CALL(*m_gstWrapperMock, gstBufferFill(&amp;buffer, 0, BufferMatcher(dataCopy), segment-&gt;getDataLength()))...&#x0A;         Expected: the expectation is active&#x0A;           Actual: it is retired&#x0A;         Expected: to be called once&#x0A;           Actual: called once - saturated and retired&#x0A;/home/lukewill95/Documents/rialto/tests/componenttests/server/tests/mediaPipeline/EncryptedPlaybackTest.cpp:55: tried expectation #4: EXPECT_CALL(*m_gstWrapperMock, gstBufferFill(&amp;keyIdBuffer, 0, _, segment-&gt;getKeyId().size()))...&#x0A;         Expected: the expectation is active&#x0A;           Actual: it is retired&#x0A;         Expected: to be called once&#x0A;           Actual: called once - saturated and retired&#x0A;/home/lukewill95/Documents/rialto/tests/componenttests/server/tests/mediaPipeline/EncryptedPlaybackTest.cpp:61: tried expectation #5: EXPECT_CALL(*m_gstWrapperMock, gstBufferFill(&amp;initVectorBuffer, 0, _, segment-&gt;getInitVector().size()))...&#x0A;         Expected: the expectation is active&#x0A;           Actual: it is retired&#x0A;         Expected: to be called once&#x0A;           Actual: called once - saturated and retired&#x0A;/home/lukewill95/Documents/rialto/tests/componenttests/server/fixtures/MediaPipelineTest.cpp:189: tried expectation #6: EXPECT_CALL(*m_gstWrapperMock, gstBufferFill(&amp;buffer, 0, BufferMatcher(dataCopy), segment-&gt;getDataLength()))...&#x0A;         Expected: the expectation is active&#x0A;           Actual: it is retired&#x0A;         Expected: to be called once&#x0A;           Actual: called once - saturated and retired&#x0A;/home/lukewill95/Documents/rialto/tests/componenttests/server/tests/mediaPipeline/EncryptedPlaybackTest.cpp:55: tried expectation #7: EXPECT_CALL(*m_gstWrapperMock, gstBufferFill(&amp;keyIdBuffer, 0, _, segment-&gt;getKeyId().size()))...&#x0A;         Expected: the expectation is active&#x0A;           Actual: it is retired&#x0A;         Expected: to be called once&#x0A;           Actual: called once - saturated and retired&#x0A;/home/lukewill95/Documents/rialto/tests/componenttests/server/tests/mediaPipeline/EncryptedPlaybackTest.cpp:61: tried expectation #8: EXPECT_CALL(*m_gstWrapperMock, gstBufferFill(&amp;initVectorBuffer, 0, _, segment-&gt;getInitVector().size()))...&#x0A;         Expected: the expectation is active&#x0A;           Actual: it is retired&#x0A;         Expected: to be called once&#x0A;           Actual: called once - saturated and retired&#x0A;/home/lukewill95/Documents/rialto/tests/componenttests/server/fixtures/MediaPipelineTest.cpp:210: tried expectation #9: EXPECT_CALL(*m_gstWrapperMock, gstBufferFill(&amp;buffer, 0, BufferMatcher(dataCopy), segment-&gt;getDataLength()))...&#x0A;  Expected arg #2: buffer matcher (expectedBuffer: &quot;gennzd&quot;)&#x0A;           Actual: 0x7fffd4005d30&#x0A;         Expected: to be called once&#x0A;           Actual: never called - unsatisfied and active&#x0A;/home/lukewill95/Documents/rialto/tests/componenttests/server/tests/mediaPipeline/EncryptedPlaybackTest.cpp:55: tried expectation #10: EXPECT_CALL(*m_gstWrapperMock, gstBufferFill(&amp;keyIdBuffer, 0, _, segment-&gt;getKeyId().size()))...&#x0A;         Expected: the expectation is active&#x0A;           Actual: it is retired&#x0A;         Expected: to be called once&#x0A;           Actual: called once - saturated and retired&#x0A;/home/lukewill95/Documents/rialto/tests/componenttests/server/tests/mediaPipeline/EncryptedPlaybackTest.cpp:61: tried expectation #11: EXPECT_CALL(*m_gstWrapperMock, gstBufferFill(&amp;initVectorBuffer, 0, _, segment-&gt;getInitVector().size()))...&#x0A;         Expected: the expectation is active&#x0A;           Actual: it is retired&#x0A;         Expected: to be called once&#x0A;           Actual: called once - saturated and retired" type=""><![CDATA[unknown file

Unexpected mock function call - returning default value.
    Function call: gstBufferFill(0x7fffffffd670, 0, 0x7fffd4005d30, 6)
          Returns: 0
Google Mock tried the following 12 expectations, but none matched:

/home/lukewill95/Documents/rialto/tests/componenttests/server/fixtures/MediaPipelineTest.cpp:189: tried expectation #0: EXPECT_CALL(*m_gstWrapperMock, gstBufferFill(&buffer, 0, BufferMatcher(dataCopy), segment->getDataLength()))...
         Expected: the expectation is active
           Actual: it is retired
         Expected: to be called once
           Actual: called once - saturated and retired
/home/lukewill95/Documents/rialto/tests/componenttests/server/tests/mediaPipeline/EncryptedPlaybackTest.cpp:55: tried expectation #1: EXPECT_CALL(*m_gstWrapperMock, gstBufferFill(&keyIdBuffer, 0, _, segment->getKeyId().size()))...
         Expected: the expectation is active
           Actual: it is retired
         Expected: to be called once
           Actual: called once - saturated and retired
/home/lukewill95/Documents/rialto/tests/componenttests/server/tests/mediaPipeline/EncryptedPlaybackTest.cpp:61: tried expectation #2: EXPECT_CALL(*m_gstWrapperMock, gstBufferFill(&initVectorBuffer, 0, _, segment->getInitVector().size()))...
         Expected: the expectation is active
           Actual: it is retired
         Expected: to be called once
           Actual: called once - saturated and retired
/home/lukewill95/Documents/rialto/tests/componenttests/server/fixtures/MediaPipelineTest.cpp:210: tried expectation #3: EXPECT_CALL(*m_gstWrapperMock, gstBufferFill(&buffer, 0, BufferMatcher(dataCopy), segment->getDataLength()))...
         Expected: the expectation is active
           Actual: it is retired
         Expected: to be called once
           Actual: called once - saturated and retired
/home/lukewill95/Documents/rialto/tests/componenttests/server/tests/mediaPipeline/EncryptedPlaybackTest.cpp:55: tried expectation #4: EXPECT_CALL(*m_gstWrapperMock, gstBufferFill(&keyIdBuffer, 0, _, segment->getKeyId().size()))...
         Expected: the expectation is active
           Actual: it is retired
         Expected: to be called once
           Actual: called once - saturated and retired
/home/lukewill95/Documents/rialto/tests/componenttests/server/tests/mediaPipeline/EncryptedPlaybackTest.cpp:61: tried expectation #5: EXPECT_CALL(*m_gstWrapperMock, gstBufferFill(&initVectorBuffer, 0, _, segment->getInitVector().size()))...
         Expected: the expectation is active
           Actual: it is retired
         Expected: to be called once
           Actual: called once - saturated and retired
/home/lukewill95/Documents/rialto/tests/componenttests/server/fixtures/MediaPipelineTest.cpp:189: tried expectation #6: EXPECT_CALL(*m_gstWrapperMock, gstBufferFill(&buffer, 0, BufferMatcher(dataCopy), segment->getDataLength()))...
         Expected: the expectation is active
           Actual: it is retired
         Expected: to be called once
           Actual: called once - saturated and retired
/home/lukewill95/Documents/rialto/tests/componenttests/server/tests/mediaPipeline/EncryptedPlaybackTest.cpp:55: tried expectation #7: EXPECT_CALL(*m_gstWrapperMock, gstBufferFill(&keyIdBuffer, 0, _, segment->getKeyId().size()))...
         Expected: the expectation is active
           Actual: it is retired
         Expected: to be called once
           Actual: called once - saturated and retired
/home/lukewill95/Documents/rialto/tests/componenttests/server/tests/mediaPipeline/EncryptedPlaybackTest.cpp:61: tried expectation #8: EXPECT_CALL(*m_gstWrapperMock, gstBufferFill(&initVectorBuffer, 0, _, segment->getInitVector().size()))...
         Expected: the expectation is active
           Actual: it is retired
         Expected: to be called once
           Actual: called once - saturated and retired
/home/lukewill95/Documents/rialto/tests/componenttests/server/fixtures/MediaPipelineTest.cpp:210: tried expectation #9: EXPECT_CALL(*m_gstWrapperMock, gstBufferFill(&buffer, 0, BufferMatcher(dataCopy), segment->getDataLength()))...
  Expected arg #2: buffer matcher (expectedBuffer: "gennzd")
           Actual: 0x7fffd4005d30
         Expected: to be called once
           Actual: never called - unsatisfied and active
/home/lukewill95/Documents/rialto/tests/componenttests/server/tests/mediaPipeline/EncryptedPlaybackTest.cpp:55: tried expectation #10: EXPECT_CALL(*m_gstWrapperMock, gstBufferFill(&keyIdBuffer, 0, _, segment->getKeyId().size()))...
         Expected: the expectation is active
           Actual: it is retired
         Expected: to be called once
           Actual: called once - saturated and retired
/home/lukewill95/Documents/rialto/tests/componenttests/server/tests/mediaPipeline/EncryptedPlaybackTest.cpp:61: tried expectation #11: EXPECT_CALL(*m_gstWrapperMock, gstBufferFill(&initVectorBuffer, 0, _, segment->getInitVector().size()))...
         Expected: the expectation is active
           Actual: it is retired
         Expected: to be called once
           Actual: called once - saturated and retired]]></failure>
      <failure message="unknown file&#x0A;&#x0A;Unexpected mock function call - returning default value.&#x0A;    Function call: gstBufferAddMeta(0x7fffffffd750, 0x7fffd4004000, 0x7fffed7f3b60)&#x0A;          Returns: NULL&#x0A;Google Mock tried the following 4 expectations, but none matched:&#x0A;&#x0A;/home/lukewill95/Documents/rialto/tests/componenttests/server/tests/mediaPipeline/EncryptedPlaybackTest.cpp:69: tried expectation #0: EXPECT_CALL(*m_gstWrapperMock, gstBufferAddMeta(&amp;dataBuffer, _, _))...&#x0A;  Expected arg #0: is equal to 0x7fffffffd670&#x0A;           Actual: 0x7fffffffd750&#x0A;         Expected: to be called once&#x0A;           Actual: called once - saturated and active&#x0A;/home/lukewill95/Documents/rialto/tests/componenttests/server/tests/mediaPipeline/EncryptedPlaybackTest.cpp:69: tried expectation #1: EXPECT_CALL(*m_gstWrapperMock, gstBufferAddMeta(&amp;dataBuffer, _, _))...&#x0A;  Expected arg #0: is equal to 0x7fffffffd670&#x0A;           Actual: 0x7fffffffd750&#x0A;         Expected: to be called once&#x0A;           Actual: called once - saturated and active&#x0A;/home/lukewill95/Documents/rialto/tests/componenttests/server/tests/mediaPipeline/EncryptedPlaybackTest.cpp:69: tried expectation #2: EXPECT_CALL(*m_gstWrapperMock, gstBufferAddMeta(&amp;dataBuffer, _, _))...&#x0A;  Expected arg #0: is equal to 0x7fffffffd670&#x0A;           Actual: 0x7fffffffd750&#x0A;         Expected: to be called once&#x0A;           Actual: called once - saturated and active&#x0A;/home/lukewill95/Documents/rialto/tests/componenttests/server/tests/mediaPipeline/EncryptedPlaybackTest.cpp:69: tried expectation #3: EXPECT_CALL(*m_gstWrapperMock, gstBufferAddMeta(&amp;dataBuffer, _, _))...&#x0A;  Expected arg #0: is equal to 0x7fffffffd670&#x0A;           Actual: 0x7fffffffd750&#x0A;         Expected: to be called once&#x0A;           Actual: never called - unsatisfied and active" type=""><![CDATA[unknown file

Unexpected mock function call - returning default value.
    Function call: gstBufferAddMeta(0x7fffffffd750, 0x7fffd4004000, 0x7fffed7f3b60)
          Returns: NULL
Google Mock tried the following 4 expectations, but none matched:

/home/lukewill95/Documents/rialto/tests/componenttests/server/tests/mediaPipeline/EncryptedPlaybackTest.cpp:69: tried expectation #0: EXPECT_CALL(*m_gstWrapperMock, gstBufferAddMeta(&dataBuffer, _, _))...
  Expected arg #0: is equal to 0x7fffffffd670
           Actual: 0x7fffffffd750
         Expected: to be called once
           Actual: called once - saturated and active
/home/lukewill95/Documents/rialto/tests/componenttests/server/tests/mediaPipeline/EncryptedPlaybackTest.cpp:69: tried expectation #1: EXPECT_CALL(*m_gstWrapperMock, gstBufferAddMeta(&dataBuffer, _, _))...
  Expected arg #0: is equal to 0x7fffffffd670
           Actual: 0x7fffffffd750
         Expected: to be called once
           Actual: called once - saturated and active
/home/lukewill95/Documents/rialto/tests/componenttests/server/tests/mediaPipeline/EncryptedPlaybackTest.cpp:69: tried expectation #2: EXPECT_CALL(*m_gstWrapperMock, gstBufferAddMeta(&dataBuffer, _, _))...
  Expected arg #0: is equal to 0x7fffffffd670
           Actual: 0x7fffffffd750
         Expected: to be called once
           Actual: called once - saturated and active
/home/lukewill95/Documents/rialto/tests/componenttests/server/tests/mediaPipeline/EncryptedPlaybackTest.cpp:69: tried expectation #3: EXPECT_CALL(*m_gstWrapperMock, gstBufferAddMeta(&dataBuffer, _, _))...
  Expected arg #0: is equal to 0x7fffffffd670
           Actual: 0x7fffffffd750
         Expected: to be called once
           Actual: never called - unsatisfied and active]]></failure>
      <failure message="unknown file&#x0A;Uninteresting mock function call - returning directly.&#x0A;    Function call: gstBufferUnref(0x7fffffffd6e0)" type=""><![CDATA[unknown file
Uninteresting mock function call - returning directly.
    Function call: gstBufferUnref(0x7fffffffd6e0)]]></failure>
      <failure message="unknown file&#x0A;Uninteresting mock function call - returning directly.&#x0A;    Function call: gstBufferUnref(0x7fffffffd670)" type=""><![CDATA[unknown file
Uninteresting mock function call - returning directly.
    Function call: gstBufferUnref(0x7fffffffd670)]]></failure>
      <failure message="unknown file&#x0A;Uninteresting mock function call - returning directly.&#x0A;    Function call: gstBufferUnref(0x7fffffffd7c0)" type=""><![CDATA[unknown file
Uninteresting mock function call - returning directly.
    Function call: gstBufferUnref(0x7fffffffd7c0)]]></failure>
      <failure message="/home/lukewill95/Documents/rialto/tests/componenttests/server/fixtures/MediaPipelineTest.cpp:510&#x0A;Value of: receivedNeedData&#x0A;  Actual: false&#x0A;Expected: true" type=""><![CDATA[/home/lukewill95/Documents/rialto/tests/componenttests/server/fixtures/MediaPipelineTest.cpp:510
Value of: receivedNeedData
  Actual: false
Expected: true]]></failure>
      <failure message="/home/lukewill95/Documents/rialto/tests/componenttests/server/tests/mediaPipeline/EncryptedPlaybackTest.cpp:69&#x0A;Actual function call count doesn&apos;t match EXPECT_CALL(*m_gstWrapperMock, gstBufferAddMeta(&amp;dataBuffer, _, _))...&#x0A;         Expected: to be called once&#x0A;           Actual: never called - unsatisfied and active" type=""><![CDATA[/home/lukewill95/Documents/rialto/tests/componenttests/server/tests/mediaPipeline/EncryptedPlaybackTest.cpp:69
Actual function call count doesn't match EXPECT_CALL(*m_gstWrapperMock, gstBufferAddMeta(&dataBuffer, _, _))...
         Expected: to be called once
           Actual: never called - unsatisfied and active]]></failure>
      <failure message="/home/lukewill95/Documents/rialto/tests/componenttests/server/fixtures/MediaPipelineTest.cpp:210&#x0A;Actual function call count doesn&apos;t match EXPECT_CALL(*m_gstWrapperMock, gstBufferFill(&amp;buffer, 0, BufferMatcher(dataCopy), segment-&gt;getDataLength()))...&#x0A;         Expected: to be called once&#x0A;           Actual: never called - unsatisfied and active" type=""><![CDATA[/home/lukewill95/Documents/rialto/tests/componenttests/server/fixtures/MediaPipelineTest.cpp:210
Actual function call count doesn't match EXPECT_CALL(*m_gstWrapperMock, gstBufferFill(&buffer, 0, BufferMatcher(dataCopy), segment->getDataLength()))...
         Expected: to be called once
           Actual: never called - unsatisfied and active]]></failure>
    </testcase>
  </testsuite>
  <testsuite name="HaveDataFailureTest" tests="1" failures="0" disabled="0" skipped="0" errors="0" time="0.339" timestamp="2023-12-20T10:37:09.061">
    <testcase name="HaveDataError" file="/home/lukewill95/Documents/rialto/tests/componenttests/server/tests/mediaPipeline/HaveDataFailureTest.cpp" line="140" status="run" result="completed" time="0.339" timestamp="2023-12-20T10:37:09.061" classname="HaveDataFailureTest" />
  </testsuite>
  <testsuite name="MuteTest" tests="1" failures="0" disabled="0" skipped="0" errors="0" time="0.12" timestamp="2023-12-20T10:37:09.401">
    <testcase name="Mute" file="/home/lukewill95/Documents/rialto/tests/componenttests/server/tests/mediaPipeline/MuteTest.cpp" line="126" status="run" result="completed" time="0.12" timestamp="2023-12-20T10:37:09.401" classname="MuteTest" />
  </testsuite>
  <testsuite name="PlayPauseStopFailuresTest" tests="3" failures="0" disabled="0" skipped="0" errors="0" time="0.382" timestamp="2023-12-20T10:37:09.522">
    <testcase name="PauseFailure" file="/home/lukewill95/Documents/rialto/tests/componenttests/server/tests/mediaPipeline/PlayPauseStopFailuresTest.cpp" line="166" status="run" result="completed" time="0.116" timestamp="2023-12-20T10:37:09.522" classname="PlayPauseStopFailuresTest" />
    <testcase name="PlayFailure" file="/home/lukewill95/Documents/rialto/tests/componenttests/server/tests/mediaPipeline/PlayPauseStopFailuresTest.cpp" line="264" status="run" result="completed" time="0.146" timestamp="2023-12-20T10:37:09.639" classname="PlayPauseStopFailuresTest" />
    <testcase name="StopFailure" file="/home/lukewill95/Documents/rialto/tests/componenttests/server/tests/mediaPipeline/PlayPauseStopFailuresTest.cpp" line="362" status="run" result="completed" time="0.119" timestamp="2023-12-20T10:37:09.785" classname="PlayPauseStopFailuresTest" />
  </testsuite>
  <testsuite name="PositionUpdatesTest" tests="3" failures="2" disabled="0" skipped="0" errors="0" time="1.082" timestamp="2023-12-20T10:37:09.905">
    <testcase name="PositionUpdate" file="/home/lukewill95/Documents/rialto/tests/componenttests/server/tests/mediaPipeline/PositionUpdatesTest.cpp" line="183" status="run" result="completed" time="0.607" timestamp="2023-12-20T10:37:09.905" classname="PositionUpdatesTest">
      <failure message="/home/lukewill95/Documents/rialto/tests/componenttests/server/fixtures/MediaPipelineTest.cpp:510&#x0A;Value of: receivedNeedData&#x0A;  Actual: false&#x0A;Expected: true" type=""><![CDATA[/home/lukewill95/Documents/rialto/tests/componenttests/server/fixtures/MediaPipelineTest.cpp:510
Value of: receivedNeedData
  Actual: false
Expected: true]]></failure>
    </testcase>
    <testcase name="GetPositionSuccess" file="/home/lukewill95/Documents/rialto/tests/componenttests/server/tests/mediaPipeline/PositionUpdatesTest.cpp" line="378" status="run" result="completed" time="0.345" timestamp="2023-12-20T10:37:10.512" classname="PositionUpdatesTest">
      <failure message="/home/lukewill95/Documents/rialto/tests/componenttests/server/fixtures/MediaPipelineTest.cpp:510&#x0A;Value of: receivedNeedData&#x0A;  Actual: false&#x0A;Expected: true" type=""><![CDATA[/home/lukewill95/Documents/rialto/tests/componenttests/server/fixtures/MediaPipelineTest.cpp:510
Value of: receivedNeedData
  Actual: false
Expected: true]]></failure>
    </testcase>
    <testcase name="getPositionFailure" file="/home/lukewill95/Documents/rialto/tests/componenttests/server/tests/mediaPipeline/PositionUpdatesTest.cpp" line="525" status="run" result="completed" time="0.129" timestamp="2023-12-20T10:37:10.858" classname="PositionUpdatesTest" />
  </testsuite>
  <testsuite name="QosUpdatesTest" tests="1" failures="1" disabled="0" skipped="0" errors="0" time="0.331" timestamp="2023-12-20T10:37:10.987">
    <testcase name="QosUpdates" file="/home/lukewill95/Documents/rialto/tests/componenttests/server/tests/mediaPipeline/QosUpdatesTest.cpp" line="184" status="run" result="completed" time="0.331" timestamp="2023-12-20T10:37:10.987" classname="QosUpdatesTest">
      <failure message="/home/lukewill95/Documents/rialto/tests/componenttests/server/fixtures/MediaPipelineTest.cpp:510&#x0A;Value of: receivedNeedData&#x0A;  Actual: false&#x0A;Expected: true" type=""><![CDATA[/home/lukewill95/Documents/rialto/tests/componenttests/server/fixtures/MediaPipelineTest.cpp:510
Value of: receivedNeedData
  Actual: false
Expected: true]]></failure>
    </testcase>
  </testsuite>
  <testsuite name="RenderFrameTest" tests="2" failures="0" disabled="0" skipped="0" errors="0" time="0.228" timestamp="2023-12-20T10:37:11.319">
    <testcase name="RenderFrameSuccess" file="/home/lukewill95/Documents/rialto/tests/componenttests/server/tests/mediaPipeline/RenderFrameTest.cpp" line="161" status="run" result="completed" time="0.114" timestamp="2023-12-20T10:37:11.319" classname="RenderFrameTest" />
    <testcase name="renderFrameFailure" file="/home/lukewill95/Documents/rialto/tests/componenttests/server/tests/mediaPipeline/RenderFrameTest.cpp" line="276" status="run" result="completed" time="0.113" timestamp="2023-12-20T10:37:11.433" classname="RenderFrameTest" />
  </testsuite>
  <testsuite name="SetPlaybackRateTest" tests="2" failures="0" disabled="0" skipped="0" errors="0" time="0.241" timestamp="2023-12-20T10:37:11.547">
    <testcase name="SetPlaybackRate" file="/home/lukewill95/Documents/rialto/tests/componenttests/server/tests/mediaPipeline/SetPlaybackRateTest.cpp" line="131" status="run" result="completed" time="0.129" timestamp="2023-12-20T10:37:11.547" classname="SetPlaybackRateTest" />
    <testcase name="SetPlaybackRateFailure" file="/home/lukewill95/Documents/rialto/tests/componenttests/server/tests/mediaPipeline/SetPlaybackRateTest.cpp" line="236" status="run" result="completed" time="0.112" timestamp="2023-12-20T10:37:11.676" classname="SetPlaybackRateTest" />
  </testsuite>
  <testsuite name="SetPositionTest" tests="2" failures="1" disabled="0" skipped="0" errors="0" time="0.465" timestamp="2023-12-20T10:37:11.789">
    <testcase name="SetPosition" file="/home/lukewill95/Documents/rialto/tests/componenttests/server/tests/mediaPipeline/SetPositionTest.cpp" line="250" status="run" result="completed" time="0.334" timestamp="2023-12-20T10:37:11.789" classname="SetPositionTest">
      <failure message="/home/lukewill95/Documents/rialto/tests/componenttests/server/fixtures/MediaPipelineTest.cpp:510&#x0A;Value of: receivedNeedData&#x0A;  Actual: false&#x0A;Expected: true" type=""><![CDATA[/home/lukewill95/Documents/rialto/tests/componenttests/server/fixtures/MediaPipelineTest.cpp:510
Value of: receivedNeedData
  Actual: false
Expected: true]]></failure>
    </testcase>
    <testcase name="SetPositionFailure" file="/home/lukewill95/Documents/rialto/tests/componenttests/server/tests/mediaPipeline/SetPositionTest.cpp" line="419" status="run" result="completed" time="0.13" timestamp="2023-12-20T10:37:12.123" classname="SetPositionTest" />
  </testsuite>
  <testsuite name="SetVideoWindowTest" tests="1" failures="0" disabled="0" skipped="0" errors="0" time="0.143" timestamp="2023-12-20T10:37:12.254">
    <testcase name="SetVideoWindow" file="/home/lukewill95/Documents/rialto/tests/componenttests/server/tests/mediaPipeline/SetVideoWindowTest.cpp" line="148" status="run" result="completed" time="0.143" timestamp="2023-12-20T10:37:12.254" classname="SetVideoWindowTest" />
  </testsuite>
  <testsuite name="UnderflowTest" tests="1" failures="1" disabled="0" skipped="0" errors="0" time="0.55" timestamp="2023-12-20T10:37:12.397">
    <testcase name="underflow" file="/home/lukewill95/Documents/rialto/tests/componenttests/server/tests/mediaPipeline/UnderflowTest.cpp" line="292" status="run" result="completed" time="0.55" timestamp="2023-12-20T10:37:12.397" classname="UnderflowTest">
      <failure message="/home/lukewill95/Documents/rialto/tests/componenttests/server/tests/mediaPipeline/UnderflowTest.cpp:141&#x0A;Value of: receivedBufferUnderflow&#x0A;  Actual: false&#x0A;Expected: true" type=""><![CDATA[/home/lukewill95/Documents/rialto/tests/componenttests/server/tests/mediaPipeline/UnderflowTest.cpp:141
Value of: receivedBufferUnderflow
  Actual: false
Expected: true]]></failure>
      <failure message="/home/lukewill95/Documents/rialto/tests/componenttests/server/fixtures/MediaPipelineTest.cpp:510&#x0A;Value of: receivedNeedData&#x0A;  Actual: false&#x0A;Expected: true" type=""><![CDATA[/home/lukewill95/Documents/rialto/tests/componenttests/server/fixtures/MediaPipelineTest.cpp:510
Value of: receivedNeedData
  Actual: false
Expected: true]]></failure>
    </testcase>
  </testsuite>
  <testsuite name="VolumeTest" tests="1" failures="0" disabled="0" skipped="0" errors="0" time="0.119" timestamp="2023-12-20T10:37:12.948">
    <testcase name="Volume" file="/home/lukewill95/Documents/rialto/tests/componenttests/server/tests/mediaPipeline/VolumeTest.cpp" line="137" status="run" result="completed" time="0.119" timestamp="2023-12-20T10:37:12.948" classname="VolumeTest" />
  </testsuite>
  <testsuite name="MediaKeysTest" tests="3" failures="0" disabled="0" skipped="0" errors="0" time="0.314" timestamp="2023-12-20T10:37:13.068">
    <testcase name="shouldCreateMediaKeys" file="/home/lukewill95/Documents/rialto/tests/componenttests/server/tests/mediaKeys/MediaKeysTest.cpp" line="82" status="run" result="completed" time="0.104" timestamp="2023-12-20T10:37:13.068" classname="MediaKeysTest" />
    <testcase name="shouldFailToCreateSessionWhenMksIdIsWrong" file="/home/lukewill95/Documents/rialto/tests/componenttests/server/tests/mediaKeys/MediaKeysTest.cpp" line="87" status="run" result="completed" time="0.104" timestamp="2023-12-20T10:37:13.172" classname="MediaKeysTest" />
    <testcase name="shouldCreateSession" file="/home/lukewill95/Documents/rialto/tests/componenttests/server/tests/mediaKeys/MediaKeysTest.cpp" line="98" status="run" result="completed" time="0.105" timestamp="2023-12-20T10:37:13.277" classname="MediaKeysTest" />
  </testsuite>
</testsuites>
